build/app/intermediates/manifest_merge_blame_file/debug/manifest-merger-blame-debug-report.txt
1<?xml version="1.0" encoding="utf-8"?>
2<manifest xmlns:android="http://schemas.android.com/apk/res/android"
3    package="com.example.bmi_widget_design"
4    android:versionCode="1"
5    android:versionName="1.0.0" >
6
7    <uses-sdk
8        android:minSdkVersion="19"
9        android:targetSdkVersion="33" />
10    <!--
11         The INTERNET permission is required for development. Specifically,
12         the Flutter tool needs it to communicate with the running application
13         to allow setting breakpoints, to provide hot reload, etc.
14    -->
15    <uses-permission android:name="android.permission.INTERNET" />
15-->src\debug\AndroidManifest.xml:6:5-66
15-->src\debug\AndroidManifest.xml:6:22-64
16
17    <permission
17-->[androidx.core:core:1.10.1] AndroidManifest.xml:22:5-24:47
18        android:name="com.example.bmi_widget_design.DYNAMIC_RECEIVER_NOT_EXPORTED_PERMISSION"
18-->[androidx.core:core:1.10.1] AndroidManifest.xml:23:9-81
19        android:protectionLevel="signature" />
19-->[androidx.core:core:1.10.1] AndroidManifest.xml:24:9-44
20
21    <uses-permission android:name="com.example.bmi_widget_design.DYNAMIC_RECEIVER_NOT_EXPORTED_PERMISSION" />
21-->[androidx.core:core:1.10.1] AndroidManifest.xml:26:5-97
21-->[androidx.core:core:1.10.1] AndroidManifest.xml:26:22-94
22
23    <application
24        android:name="android.app.Application"
25        android:appComponentFactory="androidx.core.app.CoreComponentFactory"
25-->[androidx.core:core:1.10.1] AndroidManifest.xml:28:18-86
26        android:debuggable="true"
27        android:icon="@mipmap/ic_launcher"
28        android:label="BMICalCulator" >
29        <activity
30            android:name="com.example.bmi_widget_design.MainActivity"
31            android:configChanges="orientation|keyboardHidden|keyboard|screenSize|smallestScreenSize|locale|layoutDirection|fontScale|screenLayout|density|uiMode"
32            android:exported="true"
33            android:hardwareAccelerated="true"
34            android:launchMode="singleTop"
35            android:theme="@style/LaunchTheme"
36            android:windowSoftInputMode="adjustResize" >
37
38            <!--
39                 Specifies an Android theme to apply to this Activity as soon as
40                 the Android process has started. This theme is visible to the user
41                 while the Flutter UI initializes. After that, this theme continues
42                 to determine the Window background behind the Flutter UI.
43            -->
44            <meta-data
45                android:name="io.flutter.embedding.android.NormalTheme"
46                android:resource="@style/NormalTheme" />
47
48            <intent-filter>
49                <action android:name="android.intent.action.MAIN" />
50
51                <category android:name="android.intent.category.LAUNCHER" />
52            </intent-filter>
53        </activity>
54        <!--
55             Don't delete the meta-data below.
56             This is used by the Flutter tool to generate GeneratedPluginRegistrant.java
57        -->
58        <meta-data
59            android:name="flutterEmbedding"
60            android:value="2" />
61        <!--
62           Declares a provider which allows us to store files to share in
63           '.../caches/share_plus' and grant the receiving action access
64        -->
65        <provider
65-->[:share_plus] AndroidManifest.xml:15:9-23:20
66            android:name="dev.fluttercommunity.plus.share.ShareFileProvider"
66-->[:share_plus] AndroidManifest.xml:16:13-77
67            android:authorities="com.example.bmi_widget_design.flutter.share_provider"
67-->[:share_plus] AndroidManifest.xml:17:13-74
68            android:exported="false"
68-->[:share_plus] AndroidManifest.xml:18:13-37
69            android:grantUriPermissions="true" >
69-->[:share_plus] AndroidManifest.xml:19:13-47
70            <meta-data
70-->[:share_plus] AndroidManifest.xml:20:13-22:68
71                android:name="android.support.FILE_PROVIDER_PATHS"
71-->[:share_plus] AndroidManifest.xml:21:17-67
72                android:resource="@xml/flutter_share_file_paths" />
72-->[:share_plus] AndroidManifest.xml:22:17-65
73        </provider>
74        <!--
75           This manifest declared broadcast receiver allows us to use an explicit
76           Intent when creating a PendingItent to be informed of the user's choice
77        -->
78        <receiver
78-->[:share_plus] AndroidManifest.xml:28:9-34:20
79            android:name="dev.fluttercommunity.plus.share.SharePlusPendingIntent"
79-->[:share_plus] AndroidManifest.xml:29:13-82
80            android:exported="false" >
80-->[:share_plus] AndroidManifest.xml:30:13-37
81            <intent-filter>
81-->[:share_plus] AndroidManifest.xml:31:13-33:29
82                <action android:name="EXTRA_CHOSEN_COMPONENT" />
82-->[:share_plus] AndroidManifest.xml:32:17-65
82-->[:share_plus] AndroidManifest.xml:32:25-62
83            </intent-filter>
84        </receiver>
85
86        <uses-library
86-->[androidx.window:window:1.0.0-beta04] AndroidManifest.xml:25:9-27:40
87            android:name="androidx.window.extensions"
87-->[androidx.window:window:1.0.0-beta04] AndroidManifest.xml:26:13-54
88            android:required="false" />
88-->[androidx.window:window:1.0.0-beta04] AndroidManifest.xml:27:13-37
89        <uses-library
89-->[androidx.window:window:1.0.0-beta04] AndroidManifest.xml:28:9-30:40
90            android:name="androidx.window.sidecar"
90-->[androidx.window:window:1.0.0-beta04] AndroidManifest.xml:29:13-51
91            android:required="false" />
91-->[androidx.window:window:1.0.0-beta04] AndroidManifest.xml:30:13-37
92    </application>
93
94</manifest>